Determining if the pthread_create exist failed with the following output:
Change Dir: /home/pi/pimovity/build/CMakeFiles/CMakeTmp

Run Build Command:"/usr/bin/make" "cmTC_fd3d4/fast"
/usr/bin/make -f CMakeFiles/cmTC_fd3d4.dir/build.make CMakeFiles/cmTC_fd3d4.dir/build
make[1]: ingresso nella directory "/home/pi/pimovity/build/CMakeFiles/CMakeTmp"
Building C object CMakeFiles/cmTC_fd3d4.dir/CheckSymbolExists.c.o
/usr/bin/cc     -o CMakeFiles/cmTC_fd3d4.dir/CheckSymbolExists.c.o   -c /home/pi/pimovity/build/CMakeFiles/CMakeTmp/CheckSymbolExists.c
Linking C executable cmTC_fd3d4
/usr/bin/cmake -E cmake_link_script CMakeFiles/cmTC_fd3d4.dir/link.txt --verbose=1
/usr/bin/cc       CMakeFiles/cmTC_fd3d4.dir/CheckSymbolExists.c.o  -o cmTC_fd3d4 
CMakeFiles/cmTC_fd3d4.dir/CheckSymbolExists.c.o: nella funzione "main":
CheckSymbolExists.c:(.text+0x38): riferimento non definito a "pthread_create"
collect2: error: ld returned 1 exit status
CMakeFiles/cmTC_fd3d4.dir/build.make:97: set di istruzioni per l'obiettivo "cmTC_fd3d4" non riuscito
make[1]: *** [cmTC_fd3d4] Errore 1
make[1]: uscita dalla directory "/home/pi/pimovity/build/CMakeFiles/CMakeTmp"
Makefile:126: set di istruzioni per l'obiettivo "cmTC_fd3d4/fast" non riuscito
make: *** [cmTC_fd3d4/fast] Errore 2

File /home/pi/pimovity/build/CMakeFiles/CMakeTmp/CheckSymbolExists.c:
/* */
#include <pthread.h>

int main(int argc, char** argv)
{
  (void)argv;
#ifndef pthread_create
  return ((int*)(&pthread_create))[argc];
#else
  (void)argc;
  return 0;
#endif
}

Determining if the function pthread_create exists in the pthreads failed with the following output:
Change Dir: /home/pi/pimovity/build/CMakeFiles/CMakeTmp

Run Build Command:"/usr/bin/make" "cmTC_83971/fast"
/usr/bin/make -f CMakeFiles/cmTC_83971.dir/build.make CMakeFiles/cmTC_83971.dir/build
make[1]: ingresso nella directory "/home/pi/pimovity/build/CMakeFiles/CMakeTmp"
Building C object CMakeFiles/cmTC_83971.dir/CheckFunctionExists.c.o
/usr/bin/cc    -DCHECK_FUNCTION_EXISTS=pthread_create   -o CMakeFiles/cmTC_83971.dir/CheckFunctionExists.c.o   -c /usr/share/cmake-3.7/Modules/CheckFunctionExists.c
Linking C executable cmTC_83971
/usr/bin/cmake -E cmake_link_script CMakeFiles/cmTC_83971.dir/link.txt --verbose=1
/usr/bin/cc   -DCHECK_FUNCTION_EXISTS=pthread_create    CMakeFiles/cmTC_83971.dir/CheckFunctionExists.c.o  -o cmTC_83971 -lpthreads 
/usr/bin/ld: impossibile trovare -lpthreads
collect2: error: ld returned 1 exit status
CMakeFiles/cmTC_83971.dir/build.make:97: set di istruzioni per l'obiettivo "cmTC_83971" non riuscito
make[1]: *** [cmTC_83971] Errore 1
make[1]: uscita dalla directory "/home/pi/pimovity/build/CMakeFiles/CMakeTmp"
Makefile:126: set di istruzioni per l'obiettivo "cmTC_83971/fast" non riuscito
make: *** [cmTC_83971/fast] Errore 2


